#
# There is insufficient memory for the Java Runtime Environment to continue.
# Native memory allocation (malloc) failed to allocate 1048576 bytes for AllocateHeap
# Possible reasons:
#   The system is out of physical RAM or swap space
#   The process is running with CompressedOops enabled, and the Java Heap may be blocking the growth of the native heap
# Possible solutions:
#   Reduce memory load on the system
#   Increase physical memory or swap space
#   Check if swap backing store is full
#   Decrease Java heap size (-Xmx/-Xms)
#   Decrease number of Java threads
#   Decrease Java thread stack sizes (-Xss)
#   Set larger code cache with -XX:ReservedCodeCacheSize=
#   JVM is running with Zero Based Compressed Oops mode in which the Java heap is
#     placed in the first 32GB address space. The Java Heap base address is the
#     maximum limit for the native heap growth. Please use -XX:HeapBaseMinAddress
#     to set the Java Heap base and to place the Java Heap above 32GB virtual address.
# This output file may be truncated or incomplete.
#
#  Out of Memory Error (memory/allocation.inline.hpp:61), pid=3948, tid=0x0000000000001154
#
# JRE version:  (8.0_281-b09) (build )
# Java VM: Java HotSpot(TM) 64-Bit Server VM (25.281-b09 mixed mode windows-amd64 compressed oops)
# Failed to write core dump. Minidumps are not enabled by default on client versions of Windows
#

---------------  T H R E A D  ---------------

Current thread (0x000001e61d7c7800):  JavaThread "Unknown thread" [_thread_in_vm, id=4436, stack(0x00000090c2400000,0x00000090c2500000)]

Stack: [0x00000090c2400000,0x00000090c2500000]
Native frames: (J=compiled Java code, j=interpreted, Vv=VM code, C=native code)
V  [jvm.dll+0x32e5b9]
V  [jvm.dll+0x275012]
V  [jvm.dll+0x275cbd]
V  [jvm.dll+0x26c6f5]
V  [jvm.dll+0x509d]
V  [jvm.dll+0x3c96ec]
V  [jvm.dll+0x3c5a67]
V  [jvm.dll+0xfcaaf]
V  [jvm.dll+0x209a1b]
V  [jvm.dll+0x2383d7]
V  [jvm.dll+0x162566]
C  [java.exe+0x2312]
C  [java.exe+0x15f54]
C  [KERNEL32.DLL+0x17034]
C  [ntdll.dll+0x52651]


---------------  P R O C E S S  ---------------

Java Threads: ( => current thread )

Other Threads:

=>0x000001e61d7c7800 (exited) JavaThread "Unknown thread" [_thread_in_vm, id=4436, stack(0x00000090c2400000,0x00000090c2500000)]

VM state:not at safepoint (normal execution)

VM Mutex/Monitor currently owned by a thread: None

heap address: 0x00000006c2600000, size: 4058 MB, Compressed Oops mode: Zero based, Oop shift amount: 3
Narrow klass base: 0x0000000000000000, Narrow klass shift: 3
Compressed class space size: 1073741824 Address: 0x00000007c0000000

Heap:
 PSYoungGen      total 75776K, used 1300K [0x000000076b780000, 0x0000000770c00000, 0x00000007c0000000)
  eden space 65024K, 2% used [0x000000076b780000,0x000000076b8c51f8,0x000000076f700000)
  from space 10752K, 0% used [0x0000000770180000,0x0000000770180000,0x0000000770c00000)
  to   space 10752K, 0% used [0x000000076f700000,0x000000076f700000,0x0000000770180000)
 ParOldGen       total 173568K, used 0K [0x00000006c2600000, 0x00000006ccf80000, 0x000000076b780000)
  object space 173568K, 0% used [0x00000006c2600000,0x00000006c2600000,0x00000006ccf80000)
 Metaspace       used 777K, capacity 4480K, committed 4480K, reserved 1056768K
  class space    used 76K, capacity 384K, committed 384K, reserved 1048576K

Card table byte_map: [0x000001e62e440000,0x000001e62ec30000] byte_map_base: 0x000001e62ae2d000

Marking Bits: (ParMarkBitMap*) 0x000000006ba06ff0
 Begin Bits: [0x000001e62f180000, 0x000001e6330e8000)
 End Bits:   [0x000001e6330e8000, 0x000001e637050000)

Polling page: 0x000001e61f050000

CodeCache: size=245760Kb used=328Kb max_used=328Kb free=245431Kb
 bounds [0x000001e61f080000, 0x000001e61f2f0000, 0x000001e62e080000]
 total_blobs=58 nmethods=0 adapters=38
 compilation: enabled

Compilation events (0 events):
No events

GC Heap History (0 events):
No events

Deoptimization events (0 events):
No events

Classes redefined (0 events):
No events

Internal exceptions (0 events):
No events

Events (10 events):
Event: 0.022 loading class java/lang/Short
Event: 0.022 loading class java/lang/Short done
Event: 0.022 loading class java/lang/Integer
Event: 0.022 loading class java/lang/Integer done
Event: 0.022 loading class java/lang/Long
Event: 0.022 loading class java/lang/Long done
Event: 0.022 loading class java/lang/NullPointerException
Event: 0.023 loading class java/lang/NullPointerException done
Event: 0.023 loading class java/lang/ArithmeticException
Event: 0.023 loading class java/lang/ArithmeticException done


Dynamic libraries:
0x00007ff6686a0000 - 0x00007ff6686e7000 	C:\Program Files\Java\jdk1.8.0_281\bin\java.exe
0x00007ff993cf0000 - 0x00007ff993ee5000 	C:\Windows\SYSTEM32\ntdll.dll
0x00007ff991e00000 - 0x00007ff991ebd000 	C:\Windows\System32\KERNEL32.DLL
0x00007ff991830000 - 0x00007ff991af8000 	C:\Windows\System32\KERNELBASE.dll
0x00007ff991ed0000 - 0x00007ff991f7c000 	C:\Windows\System32\ADVAPI32.dll
0x00007ff993150000 - 0x00007ff9931ee000 	C:\Windows\System32\msvcrt.dll
0x00007ff992360000 - 0x00007ff9923fb000 	C:\Windows\System32\sechost.dll
0x00007ff993a40000 - 0x00007ff993b6b000 	C:\Windows\System32\RPCRT4.dll
0x00007ff9926b0000 - 0x00007ff992850000 	C:\Windows\System32\USER32.dll
0x00007ff991800000 - 0x00007ff991822000 	C:\Windows\System32\win32u.dll
0x00007ff993970000 - 0x00007ff99399a000 	C:\Windows\System32\GDI32.dll
0x00007ff991590000 - 0x00007ff99169b000 	C:\Windows\System32\gdi32full.dll
0x00007ff991bb0000 - 0x00007ff991c4d000 	C:\Windows\System32\msvcp_win.dll
0x00007ff991490000 - 0x00007ff991590000 	C:\Windows\System32\ucrtbase.dll
0x00007ff97d420000 - 0x00007ff97d6ba000 	C:\Windows\WinSxS\amd64_microsoft.windows.common-controls_6595b64144ccf1df_6.0.19041.844_none_ca00b6081b84eb1d\COMCTL32.dll
0x00007ff993940000 - 0x00007ff993970000 	C:\Windows\System32\IMM32.DLL
0x00007ff982c90000 - 0x00007ff982ca5000 	C:\Program Files\Java\jdk1.8.0_281\jre\bin\vcruntime140.dll
0x00007ff959300000 - 0x00007ff95939b000 	C:\Program Files\Java\jdk1.8.0_281\jre\bin\msvcp140.dll
0x000000006b220000 - 0x000000006ba7f000 	C:\Program Files\Java\jdk1.8.0_281\jre\bin\server\jvm.dll
0x00007ff993ca0000 - 0x00007ff993ca8000 	C:\Windows\System32\PSAPI.DLL
0x00007ff98aff0000 - 0x00007ff98aff9000 	C:\Windows\SYSTEM32\WSOCK32.dll
0x00007ff98c570000 - 0x00007ff98c57a000 	C:\Windows\SYSTEM32\VERSION.dll
0x00007ff979350000 - 0x00007ff979377000 	C:\Windows\SYSTEM32\WINMM.dll
0x00007ff9928b0000 - 0x00007ff99291b000 	C:\Windows\System32\WS2_32.dll
0x00007ff98f2a0000 - 0x00007ff98f2b2000 	C:\Windows\SYSTEM32\kernel.appcore.dll
0x00007ff98cae0000 - 0x00007ff98caf0000 	C:\Program Files\Java\jdk1.8.0_281\jre\bin\verify.dll
0x00007ff97cca0000 - 0x00007ff97cccb000 	C:\Program Files\Java\jdk1.8.0_281\jre\bin\java.dll
0x00007ff96ba10000 - 0x00007ff96ba40000 	C:\Program Files\Java\jdk1.8.0_281\jre\bin\instrument.dll
0x00007ff97c620000 - 0x00007ff97c638000 	C:\Program Files\Java\jdk1.8.0_281\jre\bin\zip.dll
0x00007ff988680000 - 0x00007ff988864000 	C:\Windows\SYSTEM32\dbghelp.dll
0x00007ff991b30000 - 0x00007ff991bb0000 	C:\Windows\System32\bcryptPrimitives.dll

VM Arguments:
jvm_args: -javaagent:C:\Program Files\JetBrains\IntelliJ IDEA 2020.3.2\lib\idea_rt.jar=54984:C:\Program Files\JetBrains\IntelliJ IDEA 2020.3.2\bin -Dfile.encoding=UTF-8 
java_command: Main
java_class_path (initial): C:\Program Files\Java\jdk1.8.0_281\jre\lib\charsets.jar;C:\Program Files\Java\jdk1.8.0_281\jre\lib\deploy.jar;C:\Program Files\Java\jdk1.8.0_281\jre\lib\ext\access-bridge-64.jar;C:\Program Files\Java\jdk1.8.0_281\jre\lib\ext\cldrdata.jar;C:\Program Files\Java\jdk1.8.0_281\jre\lib\ext\dnsns.jar;C:\Program Files\Java\jdk1.8.0_281\jre\lib\ext\jaccess.jar;C:\Program Files\Java\jdk1.8.0_281\jre\lib\ext\jfxrt.jar;C:\Program Files\Java\jdk1.8.0_281\jre\lib\ext\localedata.jar;C:\Program Files\Java\jdk1.8.0_281\jre\lib\ext\nashorn.jar;C:\Program Files\Java\jdk1.8.0_281\jre\lib\ext\sunec.jar;C:\Program Files\Java\jdk1.8.0_281\jre\lib\ext\sunjce_provider.jar;C:\Program Files\Java\jdk1.8.0_281\jre\lib\ext\sunmscapi.jar;C:\Program Files\Java\jdk1.8.0_281\jre\lib\ext\sunpkcs11.jar;C:\Program Files\Java\jdk1.8.0_281\jre\lib\ext\zipfs.jar;C:\Program Files\Java\jdk1.8.0_281\jre\lib\javaws.jar;C:\Program Files\Java\jdk1.8.0_281\jre\lib\jce.jar;C:\Program Files\Java\jdk1.8.0_281\jre\lib\jfr.jar;C:\Program Files\Java\jdk1.8.0_281\jre\lib\jfxswt.jar;C:\Program Files\Java\jdk1.8.0_281\jre\lib\jsse.jar;C:\Program Files\Java\jdk1.8.0_281\jre\lib\management-agent.jar;C:\Program Files\Java\jdk1.8.0_281\jre\lib\plugin.jar;C:\Program Files\Java\jdk1.8.0_281\jre\lib\resources.jar;C:\Program Files\Java\jdk1.8.0_281\jre\lib\rt.jar;E:\JP\M7\target\classes;C:\Users\sia khas\.m2\repository\com\google\code\gson\gson\2.2.2\gson-2.2.2.jar;C:\Users\sia khas\.m2\repository\com\googlecode\json-simple\json-simple\1.1\json-simple-1.1.jar;C:\Users\sia khas\.m2\repository\org\postgresql\postgresql\42.2.14\postgresql-42.2.14.jar;C:\Users\sia khas\.m2\repository\commons-codec\commons-codec\1.9\commons-codec-1.9.jar;C:\Program Files\JetBrains\IntelliJ IDEA 2020.3.2\lib\idea_rt.jar
Launcher Type: SUN_STANDARD

Environment Variables:
JAVA_HOME=C:\Program Files\Java\\jdk1.8.0_281
PATH=C:\Program Files (x86)\Common Files\Oracle\Java\javapath;C:\Program Files\Common Files\Oracle\Java\javapath;C:\Windows\system32;C:\Windows;C:\Windows\System32\Wbem;C:\Windows\System32\WindowsPowerShell\v1.0\;C:\Windows\System32\OpenSSH\;C:\Program Files\NVIDIA Corporation\NVIDIA NvDLISR;C:\Program Files (x86)\NVIDIA Corporation\PhysX\Common;C:\Program Files\dotnet\;C:\Program Files\Git\cmd;C:\Users\sia khas\AppData\Local\Programs\Python\Python38\Scripts\;C:\Users\sia khas\AppData\Local\Programs\Python\Python38\;C:\Users\sia khas\AppData\Local\Microsoft\WindowsApps;C:\Users\sia khas\.dotnet\tools;C:\Program Files\JetBrains\IntelliJ IDEA Community Edition 2020.3.2\bin;;C:\apache-maven-3.6.3\\bin;C:\Program Files\Java\\jdk1.8.0_281\bin;
USERNAME=sia khas
OS=Windows_NT
PROCESSOR_IDENTIFIER=Intel64 Family 6 Model 158 Stepping 10, GenuineIntel



---------------  S Y S T E M  ---------------

OS: Windows 10.0 , 64 bit Build 19041 (10.0.19041.928)

CPU:total 12 (initial active 12) (6 cores per cpu, 2 threads per core) family 6 model 158 stepping 10, cmov, cx8, fxsr, mmx, sse, sse2, sse3, ssse3, sse4.1, sse4.2, popcnt, avx, avx2, aes, clmul, erms, 3dnowpref, lzcnt, ht, tsc, tscinvbit, bmi1, bmi2, adx

Memory: 4k page, physical 16617704k(6462112k free), swap 20812008k(5200k free)

vm_info: Java HotSpot(TM) 64-Bit Server VM (25.281-b09) for windows-amd64 JRE (1.8.0_281-b09), built on Dec  9 2020 13:54:07 by "" with MS VC++ 15.9 (VS2017)

time: Sat May 22 16:16:54 2021
timezone: RTZ 2 (зима)
elapsed time: 0.038175 seconds (0d 0h 0m 0s)

